<?xml version="1.0" encoding="UTF-8"?>
<!-- Generated by org.testng.reporters.JUnitXMLReporter -->
<testsuite ignored="0" hostname="BLUEAVES-3" failures="0" tests="8" name="EdpuLoginPageTests" time="87.458" errors="0" timestamp="2023-07-07T12:39:31 IST">
  <testcase classname="Edpuloginpage.EdpuLoginPageTestcases" name="ValidatetheFiledsOnLoginPage" time="4.869"/>
  <testcase classname="Edpuloginpage.EdpuLoginPageTestcases" name="WithEnteringValidEmailIdAndWithoutEnterPassword" time="10.585"/>
  <testcase classname="Edpuloginpage.EdpuLoginPageTestcases" name="WithoutEnterEmailIdAndWithEnterPassword" time="8.56"/>
  <testcase classname="Edpuloginpage.EdpuLoginPageTestcases" name="UnRegisteredEmailidandPassword" time="12.753"/>
  <testcase classname="Edpuloginpage.EdpuLoginPageTestcases" name="EnterValidEmailidAndInvalidpassword" time="12.861"/>
  <testcase classname="Edpuloginpage.EdpuLoginPageTestcases" name="EnterInValidEmailidAndvalidpassword" time="12.782"/>
  <testcase classname="Edpuloginpage.EdpuLoginPageTestcases" name="WithoutEnteringEmailandPassword" time="8.593"/>
  <testcase classname="Edpuloginpage.EdpuLoginPageTestcases" name="ValidAccountmailAndValidpassword" time="13.392"/>
</testsuite> <!-- EdpuLoginPageTests -->
