<?xml version="1.0" encoding="UTF-8"?>
<!-- Generated by org.testng.reporters.JUnitXMLReporter -->
<testsuite ignored="0" hostname="BLUEAVES-3" failures="0" tests="8" name="Default test" time="108.054" errors="0" timestamp="2024-12-04T11:31:43 IST">
  <testcase classname="Edpuloginpage.EdpuLoginPageTestcases" name="ValidatetheFiledsOnLoginPage" time="8.719"/>
  <testcase classname="Edpuloginpage.EdpuLoginPageTestcases" name="WithEnteringValidEmailIdAndWithoutEnterPassword" time="11.087"/>
  <testcase classname="Edpuloginpage.EdpuLoginPageTestcases" name="WithoutEnterEmailIdAndWithEnterPassword" time="8.981"/>
  <testcase classname="Edpuloginpage.EdpuLoginPageTestcases" name="UnRegisteredEmailidandPassword" time="16.621"/>
  <testcase classname="Edpuloginpage.EdpuLoginPageTestcases" name="EnterValidEmailidAndInvalidpassword" time="13.517"/>
  <testcase classname="Edpuloginpage.EdpuLoginPageTestcases" name="EnterInValidEmailidAndvalidpassword" time="13.832"/>
  <testcase classname="Edpuloginpage.EdpuLoginPageTestcases" name="WithoutEnteringEmailandPassword" time="8.952"/>
  <testcase classname="Edpuloginpage.EdpuLoginPageTestcases" name="ValidAccountmailAndValidpassword" time="15.49"/>
</testsuite> <!-- Default test -->
