<?xml version="1.0" encoding="UTF-8"?>
<!-- Generated by org.testng.reporters.JUnitXMLReporter -->
<testsuite ignored="0" hostname="BLUEAVES-3" failures="0" tests="8" name="Default test" time="97.108" errors="0" timestamp="2024-05-02T14:56:35 IST">
  <testcase classname="Edpuloginpage.EdpuLoginPageTestcases" name="ValidatetheFiledsOnLoginPage" time="5.358"/>
  <testcase classname="Edpuloginpage.EdpuLoginPageTestcases" name="WithEnteringValidEmailIdAndWithoutEnterPassword" time="11.181"/>
  <testcase classname="Edpuloginpage.EdpuLoginPageTestcases" name="WithoutEnterEmailIdAndWithEnterPassword" time="9.128"/>
  <testcase classname="Edpuloginpage.EdpuLoginPageTestcases" name="UnRegisteredEmailidandPassword" time="17.299"/>
  <testcase classname="Edpuloginpage.EdpuLoginPageTestcases" name="EnterValidEmailidAndInvalidpassword" time="13.696"/>
  <testcase classname="Edpuloginpage.EdpuLoginPageTestcases" name="EnterInValidEmailidAndvalidpassword" time="13.823"/>
  <testcase classname="Edpuloginpage.EdpuLoginPageTestcases" name="WithoutEnteringEmailandPassword" time="9.157"/>
  <testcase classname="Edpuloginpage.EdpuLoginPageTestcases" name="ValidAccountmailAndValidpassword" time="14.73"/>
</testsuite> <!-- Default test -->
