<?xml version="1.0" encoding="UTF-8"?>
<!-- Generated by org.testng.reporters.JUnitXMLReporter -->
<testsuite ignored="0" hostname="DESKTOP-KPDTLMR" failures="1" tests="1" name="Edpuscenario_F" time="20.576" errors="0" timestamp="2025-09-26T21:59:59 IST">
  <testcase classname="EDPUPatientRegestration.Edpuscenario" name="PatientRegistrationValidations" time="10.631">
    <failure type="org.openqa.selenium.ElementClickInterceptedException" message="Element &amp;lt;button id=&amp;quot;btnReset&amp;quot; class=&amp;quot;btn btn-primary ml-2&amp;quot; type=&amp;quot;button&amp;quot;&amp;gt; is not clickable at point (370,311) because another element &amp;lt;div id=&amp;quot;myModal3&amp;quot; class=&amp;quot;modal fade bd-example-modal-xl&amp;quot;&amp;gt; obscures it
Build info: version: &amp;apos;4.34.0&amp;apos;, revision: &amp;apos;707dcb4246*&amp;apos;
System info: os.name: &amp;apos;Windows 11&amp;apos;, os.arch: &amp;apos;amd64&amp;apos;, os.version: &amp;apos;10.0&amp;apos;, java.version: &amp;apos;17.0.5&amp;apos;
Driver info: org.openqa.selenium.firefox.FirefoxDriver
Command: [7f0d3fb5-e0e4-4489-9390-feb3b7a09701, clickElement {id=ba556789-ffc5-48ae-a4a5-432f230be0a7}]
Capabilities {acceptInsecureCerts: true, browserName: firefox, browserVersion: 116.0.2, moz:accessibilityChecks: false, moz:buildID: 20230805021307, moz:geckodriverVersion: 0.35.0, moz:headless: false, moz:platformVersion: 10.0, moz:processID: 2752, moz:profile: C:\Users\vvenk\AppData\Loca..., moz:shutdownTimeout: 60000, moz:webdriverClick: true, moz:windowless: false, pageLoadStrategy: normal, platformName: windows, proxy: Proxy(), setWindowRect: true, strictFileInteractability: false, timeouts: {implicit: 0, pageLoad: 300000, script: 30000}, unhandledPromptBehavior: dismiss and notify}
Element: [[FirefoxDriver: firefox on windows (7f0d3fb5-e0e4-4489-9390-feb3b7a09701)] -&amp;gt; xpath: //*[text()=&amp;apos;Reset Filter&amp;apos;]]
Session ID: 7f0d3fb5-e0e4-4489-9390-feb3b7a09701">
      <![CDATA[org.openqa.selenium.ElementClickInterceptedException: Element <button id="btnReset" class="btn btn-primary ml-2" type="button"> is not clickable at point (370,311) because another element <div id="myModal3" class="modal fade bd-example-modal-xl"> obscures it
Build info: version: '4.34.0', revision: '707dcb4246*'
System info: os.name: 'Windows 11', os.arch: 'amd64', os.version: '10.0', java.version: '17.0.5'
Driver info: org.openqa.selenium.firefox.FirefoxDriver
Command: [7f0d3fb5-e0e4-4489-9390-feb3b7a09701, clickElement {id=ba556789-ffc5-48ae-a4a5-432f230be0a7}]
Capabilities {acceptInsecureCerts: true, browserName: firefox, browserVersion: 116.0.2, moz:accessibilityChecks: false, moz:buildID: 20230805021307, moz:geckodriverVersion: 0.35.0, moz:headless: false, moz:platformVersion: 10.0, moz:processID: 2752, moz:profile: C:\Users\vvenk\AppData\Loca..., moz:shutdownTimeout: 60000, moz:webdriverClick: true, moz:windowless: false, pageLoadStrategy: normal, platformName: windows, proxy: Proxy(), setWindowRect: true, strictFileInteractability: false, timeouts: {implicit: 0, pageLoad: 300000, script: 30000}, unhandledPromptBehavior: dismiss and notify}
Element: [[FirefoxDriver: firefox on windows (7f0d3fb5-e0e4-4489-9390-feb3b7a09701)] -> xpath: //*[text()='Reset Filter']]
Session ID: 7f0d3fb5-e0e4-4489-9390-feb3b7a09701
at org.openqa.selenium.remote.ErrorCodec.decode(ErrorCodec.java:167)
at org.openqa.selenium.remote.codec.w3c.W3CHttpResponseCodec.decode(W3CHttpResponseCodec.java:138)
at org.openqa.selenium.remote.codec.w3c.W3CHttpResponseCodec.decode(W3CHttpResponseCodec.java:50)
at org.openqa.selenium.remote.HttpCommandExecutor.execute(HttpCommandExecutor.java:215)
at org.openqa.selenium.remote.service.DriverCommandExecutor.invokeExecute(DriverCommandExecutor.java:216)
at org.openqa.selenium.remote.service.DriverCommandExecutor.execute(DriverCommandExecutor.java:174)
at org.openqa.selenium.remote.RemoteWebDriver.execute(RemoteWebDriver.java:544)
at org.openqa.selenium.remote.RemoteWebElement.execute(RemoteWebElement.java:223)
at org.openqa.selenium.remote.RemoteWebElement.click(RemoteWebElement.java:76)
at EDPUPatientRegestration.Edpuscenario.PatientRegistrationValidations(Edpuscenario.java:54)
at java.base/java.util.ArrayList.forEach(ArrayList.java:1511)
at java.base/java.util.concurrent.FutureTask.run(FutureTask.java:264)
at java.base/java.util.concurrent.ThreadPoolExecutor.runWorker(ThreadPoolExecutor.java:1136)
at java.base/java.util.concurrent.ThreadPoolExecutor$Worker.run(ThreadPoolExecutor.java:635)
at java.base/java.lang.Thread.run(Thread.java:833)
... Removed 23 stack frames]]>
    </failure>
  </testcase> <!-- PatientRegistrationValidations -->
</testsuite> <!-- Edpuscenario_F -->
