<?xml version="1.0" encoding="UTF-8"?>
<testng-results ignored="0" total="8" passed="8" failed="0" skipped="0">
  <reporter-output>
  </reporter-output>
  <suite started-at="2024-05-02T14:54:58 IST" name="Default suite" finished-at="2024-05-02T14:56:35 IST" duration-ms="97108">
    <groups>
    </groups>
    <test started-at="2024-05-02T14:54:58 IST" name="Default test" finished-at="2024-05-02T14:56:35 IST" duration-ms="97108">
      <class name="Edpuloginpage.EdpuLoginPageTestcases">
        <test-method is-config="true" signature="setUp()[pri:0, instance:Edpuloginpage.EdpuLoginPageTestcases@45ac5f9b]" started-at="2024-05-02T14:54:58 IST" name="setUp" finished-at="2024-05-02T14:55:01 IST" duration-ms="2671" status="PASS">
          <reporter-output>
          </reporter-output>
        </test-method> <!-- setUp -->
        <test-method signature="ValidatetheFiledsOnLoginPage()[pri:1, instance:Edpuloginpage.EdpuLoginPageTestcases@45ac5f9b]" started-at="2024-05-02T14:55:01 IST" name="ValidatetheFiledsOnLoginPage" finished-at="2024-05-02T14:55:06 IST" duration-ms="5358" status="PASS">
          <reporter-output>
          </reporter-output>
        </test-method> <!-- ValidatetheFiledsOnLoginPage -->
        <test-method signature="WithEnteringValidEmailIdAndWithoutEnterPassword()[pri:2, instance:Edpuloginpage.EdpuLoginPageTestcases@45ac5f9b]" started-at="2024-05-02T14:55:06 IST" name="WithEnteringValidEmailIdAndWithoutEnterPassword" finished-at="2024-05-02T14:55:17 IST" duration-ms="11181" status="PASS">
          <reporter-output>
          </reporter-output>
        </test-method> <!-- WithEnteringValidEmailIdAndWithoutEnterPassword -->
        <test-method signature="WithoutEnterEmailIdAndWithEnterPassword()[pri:3, instance:Edpuloginpage.EdpuLoginPageTestcases@45ac5f9b]" started-at="2024-05-02T14:55:17 IST" name="WithoutEnterEmailIdAndWithEnterPassword" finished-at="2024-05-02T14:55:26 IST" duration-ms="9128" status="PASS">
          <reporter-output>
          </reporter-output>
        </test-method> <!-- WithoutEnterEmailIdAndWithEnterPassword -->
        <test-method signature="UnRegisteredEmailidandPassword()[pri:4, instance:Edpuloginpage.EdpuLoginPageTestcases@45ac5f9b]" started-at="2024-05-02T14:55:26 IST" name="UnRegisteredEmailidandPassword" finished-at="2024-05-02T14:55:44 IST" duration-ms="17299" status="PASS">
          <reporter-output>
          </reporter-output>
        </test-method> <!-- UnRegisteredEmailidandPassword -->
        <test-method signature="EnterValidEmailidAndInvalidpassword()[pri:5, instance:Edpuloginpage.EdpuLoginPageTestcases@45ac5f9b]" started-at="2024-05-02T14:55:44 IST" name="EnterValidEmailidAndInvalidpassword" finished-at="2024-05-02T14:55:57 IST" duration-ms="13696" status="PASS">
          <reporter-output>
          </reporter-output>
        </test-method> <!-- EnterValidEmailidAndInvalidpassword -->
        <test-method signature="EnterInValidEmailidAndvalidpassword()[pri:6, instance:Edpuloginpage.EdpuLoginPageTestcases@45ac5f9b]" started-at="2024-05-02T14:55:57 IST" name="EnterInValidEmailidAndvalidpassword" finished-at="2024-05-02T14:56:11 IST" duration-ms="13823" status="PASS">
          <reporter-output>
          </reporter-output>
        </test-method> <!-- EnterInValidEmailidAndvalidpassword -->
        <test-method signature="WithoutEnteringEmailandPassword()[pri:7, instance:Edpuloginpage.EdpuLoginPageTestcases@45ac5f9b]" started-at="2024-05-02T14:56:11 IST" name="WithoutEnteringEmailandPassword" finished-at="2024-05-02T14:56:20 IST" duration-ms="9157" status="PASS">
          <reporter-output>
          </reporter-output>
        </test-method> <!-- WithoutEnteringEmailandPassword -->
        <test-method signature="ValidAccountmailAndValidpassword()[pri:8, instance:Edpuloginpage.EdpuLoginPageTestcases@45ac5f9b]" started-at="2024-05-02T14:56:20 IST" name="ValidAccountmailAndValidpassword" finished-at="2024-05-02T14:56:35 IST" duration-ms="14730" status="PASS">
          <reporter-output>
          </reporter-output>
        </test-method> <!-- ValidAccountmailAndValidpassword -->
      </class> <!-- Edpuloginpage.EdpuLoginPageTestcases -->
    </test> <!-- Default test -->
  </suite> <!-- Default suite -->
</testng-results>
