<?xml version="1.0" encoding="UTF-8"?>
<testng-results ignored="0" total="1" passed="1" failed="0" skipped="0">
  <reporter-output>
  </reporter-output>
  <suite started-at="2025-12-17T11:57:31 IST" name="Default suite" finished-at="2025-12-17T11:57:47 IST" duration-ms="15951">
    <groups>
    </groups>
    <test started-at="2025-12-17T11:57:31 IST" name="Default test" finished-at="2025-12-17T11:57:47 IST" duration-ms="15951">
      <class name="AlertPractice.AlertExamples">
        <test-method signature="actionClickMethod()[pri:1, instance:AlertPractice.AlertExamples@7e736350]" started-at="2025-12-17T11:57:31 IST" name="actionClickMethod" finished-at="2025-12-17T11:57:46 IST" duration-ms="15878" status="PASS">
          <reporter-output>
          </reporter-output>
        </test-method> <!-- actionClickMethod -->
      </class> <!-- AlertPractice.AlertExamples -->
    </test> <!-- Default test -->
  </suite> <!-- Default suite -->
</testng-results>
