<?xml version="1.0" encoding="UTF-8"?>
<!-- Generated by org.testng.reporters.JUnitReportReporter -->
<testsuite hostname="DESKTOP-KPDTLMR" failures="0" tests="1" name="EDPUPatientRegestration.EdpupatientRegistrationPage" time="47.710" errors="0" timestamp="2025-08-20T11:26:52 IST" skipped="0">
  <testcase classname="EDPUPatientRegestration.EdpupatientRegistrationPage" name="PatientRegistrationValidations" time="47.710"/>
  <system-out/>
</testsuite> <!-- EDPUPatientRegestration.EdpupatientRegistrationPage -->
