<?xml version="1.0" encoding="UTF-8"?>
<!-- Generated by org.testng.reporters.JUnitReportReporter -->
<testsuite hostname="DESKTOP-KPDTLMR" failures="0" tests="2" name="EDPUPatientRegestration.TestNGDemo" time="0.019" errors="0" timestamp="2025-09-24T12:41:36 IST" skipped="0">
  <testcase classname="EDPUPatientRegestration.TestNGDemo" name="test1" time="0.015"/>
  <system-out/>
  <testcase classname="EDPUPatientRegestration.TestNGDemo" name="test2" time="0.004"/>
  <system-out/>
</testsuite> <!-- EDPUPatientRegestration.TestNGDemo -->
