<?xml version="1.0" encoding="UTF-8"?>
<!-- Generated by org.testng.reporters.JUnitReportReporter -->
<testsuite hostname="DESKTOP-KPDTLMR" failures="0" tests="2" name="EDPUPatientRegestration.Testngexamples" time="30.957" errors="0" timestamp="2025-09-24T12:11:45 IST" skipped="0">
  <testcase classname="EDPUPatientRegestration.Testngexamples" name="addTocart" time="15.674"/>
  <system-out/>
  <testcase classname="EDPUPatientRegestration.Testngexamples" name="addTocart" time="15.283"/>
  <system-out/>
</testsuite> <!-- EDPUPatientRegestration.Testngexamples -->
